<?xml version="1.0" encoding="UTF-8"?>
<testng-results ignored="0" total="1" passed="1" failed="0" skipped="0">
  <reporter-output>
  </reporter-output>
  <suite started-at="2024-09-28T02:02:49 IST" name="Default suite" finished-at="2024-09-28T02:02:50 IST" duration-ms="128">
    <groups>
    </groups>
    <test started-at="2024-09-28T02:02:49 IST" name="Default test" finished-at="2024-09-28T02:02:50 IST" duration-ms="128">
      <class name="PS1">
        <test-method is-config="true" signature="method1()[pri:0, instance:PS1@41fbdac4]" started-at="2024-09-28T02:02:50 IST" name="method1" finished-at="2024-09-28T02:02:50 IST" duration-ms="16" status="PASS">
          <reporter-output>
          </reporter-output>
        </test-method> <!-- method1 -->
        <test-method signature="testRun()[pri:0, instance:PS1@41fbdac4]" started-at="2024-09-28T02:02:50 IST" name="testRun" finished-at="2024-09-28T02:02:50 IST" duration-ms="37" status="PASS">
          <reporter-output>
          </reporter-output>
        </test-method> <!-- testRun -->
        <test-method is-config="true" signature="method2()[pri:0, instance:PS1@41fbdac4]" started-at="2024-09-28T02:02:50 IST" name="method2" finished-at="2024-09-28T02:02:50 IST" duration-ms="0" status="PASS">
          <reporter-output>
          </reporter-output>
        </test-method> <!-- method2 -->
      </class> <!-- PS1 -->
    </test> <!-- Default test -->
  </suite> <!-- Default suite -->
</testng-results>
